<?xml version="1.0" encoding="UTF-8"?>
<testsuite name="HelloWorldTest" tests="1" skipped="0" failures="0" errors="0" timestamp="2020-08-23T15:11:48" hostname="bantulabtech" time="0.03">
  <properties/>
  <testcase name="helloWorldTest" classname="HelloWorldTest" time="0.03"/>
  <system-out><![CDATA[]]></system-out>
  <system-err><![CDATA[]]></system-err>
</testsuite>
