<?xml version="1.0" encoding="UTF-8"?>
<testsuite name="PangramTest" tests="10" skipped="0" failures="0" errors="0" timestamp="2020-08-24T10:20:45" hostname="bantulabtech" time="0.057">
  <properties/>
  <testcase name="missingTheLetterH" classname="PangramTest" time="0.053"/>
  <testcase name="missingTheLetterX" classname="PangramTest" time="0.0"/>
  <testcase name="emptySentence" classname="PangramTest" time="0.0"/>
  <testcase name="missingLettersReplacedByNumbers" classname="PangramTest" time="0.0"/>
  <testcase name="withNumbers" classname="PangramTest" time="0.0"/>
  <testcase name="mixedCaseAndPunctuation" classname="PangramTest" time="0.0"/>
  <testcase name="caseInsensitive" classname="PangramTest" time="0.0"/>
  <testcase name="withUnderscores" classname="PangramTest" time="0.0"/>
  <testcase name="onlyLowerCase" classname="PangramTest" time="0.0"/>
  <testcase name="perfectLowerCase" classname="PangramTest" time="0.0"/>
  <system-out><![CDATA[]]></system-out>
  <system-err><![CDATA[]]></system-err>
</testsuite>
